[2017-05-09 11:14:49,772] multiqc                                            [DEBUG  ]  No MultiQC config found: /pub46/willr/miniconda3/envs/python2/lib/python2.7/site-packages/multiqc_config.yaml
[2017-05-09 11:14:49,772] multiqc                                            [DEBUG  ]  No MultiQC config found: /pub46/willr/.multiqc_config.yaml
[2017-05-09 11:14:49,772] multiqc                                            [DEBUG  ]  No MultiQC config found: multiqc_config.yaml
[2017-05-09 11:14:49,772] multiqc                                            [DEBUG  ]  No MultiQC config found: /pub46/willr/miniconda3/envs/python2/lib/python2.7/site-packages/multiqc_config.yaml
[2017-05-09 11:14:49,772] multiqc                                            [DEBUG  ]  No MultiQC config found: /pub46/willr/.multiqc_config.yaml
[2017-05-09 11:14:49,773] multiqc                                            [DEBUG  ]  No MultiQC config found: multiqc_config.yaml
[2017-05-09 11:14:49,773] multiqc                                            [DEBUG  ]  Command used: /pub46/willr/miniconda3/envs/python2/bin/multiqc --outdir results-v9-474 --filename 00_multiqc_report results-v9-474
[2017-05-09 11:14:49,773] multiqc                                            [DEBUG  ]  Could not connect to multiqc.info for version check
[2017-05-09 11:14:49,773] multiqc                                            [INFO   ]  This is MultiQC v0.8
[2017-05-09 11:14:49,773] multiqc                                            [DEBUG  ]  Command     : /pub46/willr/miniconda3/envs/python2/bin/multiqc --outdir results-v9-474 --filename 00_multiqc_report results-v9-474
[2017-05-09 11:14:49,773] multiqc                                            [DEBUG  ]  Working dir : /pub46/willr/000_HOME/0004_PROJECTS/rocio/0004_analysis_for_paper/v9
[2017-05-09 11:14:49,773] multiqc                                            [INFO   ]  Template    : default
[2017-05-09 11:14:49,774] multiqc                                            [INFO   ]  Searching 'results-v9-474'
[2017-05-09 11:14:49,774] multiqc                                            [DEBUG  ]  Analysing modules: gatk, quast, snpeff, qualimap, bcftools, featureCounts, methylQA, rseqc, picard, preseq, samblaster, samtools, bamtools, bismark, hicup, salmon, kallisto, star, tophat, bowtie2, bowtie1, cutadapt, trimmomatic, skewer, fastq_screen, fastqc
[2017-05-09 11:14:49,775] multiqc                                            [DEBUG  ]  Using temporary directory for creating report: /tmp/tmptSB9NU
[2017-05-09 11:14:49,790] multiqc                                            [DEBUG  ]  Ignoring file as matched an ignore pattern: 4-74-MAC-3-WY_S20_R1_001.fastq.trimmed.fq
[2017-05-09 11:14:49,790] multiqc                                            [DEBUG  ]  Ignoring file as matched an ignore pattern: 4-74-NoO2-3-RC_S5_R1_001.fastq.trimmed.fq
[2017-05-09 11:14:49,791] multiqc                                            [DEBUG  ]  Ignoring file as matched an ignore pattern: 4-74-ESP-6-RC_S2_R1_001.fastq.trimmed.fq
[2017-05-09 11:14:49,791] multiqc                                            [DEBUG  ]  Ignoring file as matched an ignore pattern: 4-74-NonSPI2-3-RC_S8_R1_001.fastq.trimmed.fq
[2017-05-09 11:14:49,794] multiqc                                            [DEBUG  ]  Ignoring file as matched an ignore pattern: 4-74-NoO2-4-RC_S6_R1_001.fastq.trimmed.fq
[2017-05-09 11:14:49,794] multiqc                                            [DEBUG  ]  Ignoring file as matched an ignore pattern: 4-74-NonSPI2-2-RC_S7_R1_001.fastq.trimmed.fq
[2017-05-09 11:14:49,794] multiqc                                            [DEBUG  ]  Ignoring file as matched an ignore pattern: 4-74-NonSPI2-4-RC_S9_R1_001.fastq.trimmed.fq
[2017-05-09 11:14:49,794] multiqc                                            [DEBUG  ]  Ignoring file as matched an ignore pattern: 4-74-InSPI2-4-RC_S17_R1_001.fastq.trimmed.fq
[2017-05-09 11:14:49,795] multiqc                                            [DEBUG  ]  Ignoring file as matched an ignore pattern: 4-74-InSPI2-3-RC_S16_R1_001.fastq.trimmed.fq
[2017-05-09 11:14:49,795] multiqc                                            [DEBUG  ]  Ignoring file as matched an ignore pattern: 4-74-NoO2-2-RC_S4_R1_001.fastq.trimmed.fq
[2017-05-09 11:14:49,795] multiqc                                            [DEBUG  ]  Ignoring file as matched an ignore pattern: 4-74-InSPI2-5-RC_S18_R1_001.fastq.trimmed.fq
[2017-05-09 11:14:49,795] multiqc                                            [DEBUG  ]  Ignoring file as matched an ignore pattern: 4-74-ESP-7-RC_S3_R1_001.fastq.trimmed.fq
[2017-05-09 11:14:49,796] multiqc                                            [DEBUG  ]  Ignoring file as matched an ignore pattern: 4-74-ESP-5-RC_S1_R1_001.fastq.trimmed.fq
[2017-05-09 11:14:49,810] multiqc                                            [DEBUG  ]  Ignoring file as matched an ignore pattern: 4-74-NonSPI2-3-RC_S8_R1_001.fastq.trimmed.sorted.bam
[2017-05-09 11:14:49,810] multiqc                                            [DEBUG  ]  Ignoring file as matched an ignore pattern: 4-74-NoO2-4-RC_S6_R1_001.fastq.trimmed.sorted.bam
[2017-05-09 11:14:49,810] multiqc                                            [DEBUG  ]  Ignoring file as matched an ignore pattern: 4-74-ESP-7-RC_S3_R1_001.fastq.trimmed.sorted.bam
[2017-05-09 11:14:49,810] multiqc                                            [DEBUG  ]  Ignoring file as matched an ignore pattern: 4-74-InSPI2-4-RC_S17_R1_001.fastq.trimmed.sorted.bam
[2017-05-09 11:14:49,810] multiqc                                            [DEBUG  ]  Ignoring file as matched an ignore pattern: 4-74-ESP-6-RC_S2_R1_001.fastq.trimmed.sorted.bam
[2017-05-09 11:14:49,811] multiqc                                            [DEBUG  ]  Ignoring file as matched an ignore pattern: 4-74-ESP-5-RC_S1_R1_001.fastq.trimmed.sorted.bam
[2017-05-09 11:14:49,811] multiqc                                            [DEBUG  ]  Ignoring file as matched an ignore pattern: 4-74-NoO2-2-RC_S4_R1_001.fastq.trimmed.sorted.bam
[2017-05-09 11:14:49,811] multiqc                                            [DEBUG  ]  Ignoring file as matched an ignore pattern: 4-74-NoO2-3-RC_S5_R1_001.fastq.trimmed.sorted.bam
[2017-05-09 11:14:49,811] multiqc                                            [DEBUG  ]  Ignoring file as matched an ignore pattern: 4-74-NonSPI2-4-RC_S9_R1_001.fastq.trimmed.sorted.bam
[2017-05-09 11:14:49,811] multiqc                                            [DEBUG  ]  Ignoring file as matched an ignore pattern: 4-74-MAC-3-WY_S20_R1_001.fastq.trimmed.sorted.bam
[2017-05-09 11:14:49,812] multiqc                                            [DEBUG  ]  Ignoring file as matched an ignore pattern: 4-74-InSPI2-3-RC_S16_R1_001.fastq.trimmed.sorted.bam
[2017-05-09 11:14:49,812] multiqc                                            [DEBUG  ]  Ignoring file as matched an ignore pattern: 4-74-NonSPI2-2-RC_S7_R1_001.fastq.trimmed.sorted.bam
[2017-05-09 11:14:49,812] multiqc                                            [DEBUG  ]  Ignoring file as matched an ignore pattern: 4-74-InSPI2-5-RC_S18_R1_001.fastq.trimmed.sorted.bam
[2017-05-09 11:14:49,813] multiqc                                            [DEBUG  ]  Ignoring file as too large: reference_fasta.fa
[2017-05-09 11:14:49,813] multiqc                                            [DEBUG  ]  Ignoring file as too large: reference_fasta.fa.1.bt2
[2017-05-09 11:14:49,813] multiqc                                            [DEBUG  ]  Ignoring file as too large: reference_fasta.fa.rev.1.bt2
[2017-05-09 11:14:50,054] multiqc.modules.gatk.gatk                          [DEBUG  ]  Could not find any reports in ('results-v9-474',)
[2017-05-09 11:14:50,067] multiqc.modules.quast.quast                        [DEBUG  ]  Could not find any reports in ('results-v9-474',)
[2017-05-09 11:14:50,338] multiqc.modules.snpeff.snpeff                      [DEBUG  ]  Could not find any data in ('results-v9-474',)
[2017-05-09 11:14:50,387] multiqc.modules.qualimap.qualimap                  [DEBUG  ]  Could not find any reports in ('results-v9-474',)
[2017-05-09 11:14:50,598] multiqc.modules.bcftools.bcftools                  [DEBUG  ]  Could not find any reports in ('results-v9-474',)
[2017-05-09 11:14:50,609] multiqc.modules.featureCounts.feature_counts       [DEBUG  ]  Could not find any reports in ('results-v9-474',)
[2017-05-09 11:14:50,618] multiqc.modules.methylQA.methylQA                  [DEBUG  ]  Could not find any reports in ('results-v9-474',)
[2017-05-09 11:14:51,700] multiqc.modules.rseqc.rseqc                        [DEBUG  ]  Could not find any reports in ('results-v9-474',)
[2017-05-09 11:14:53,859] multiqc.modules.picard.picard                      [DEBUG  ]  Could not find any reports in ('results-v9-474',)
[2017-05-09 11:14:54,136] multiqc.modules.preseq.preseq                      [DEBUG  ]  Could not find any preseq data in ('results-v9-474',)
[2017-05-09 11:14:54,380] multiqc.modules.samblaster.samblaster              [DEBUG  ]  Could not find any data in ('results-v9-474',)
[2017-05-09 11:14:54,928] multiqc.modules.samtools.samtools                  [DEBUG  ]  Could not find any reports in ('results-v9-474',)
[2017-05-09 11:14:55,189] multiqc.modules.bamtools.bamtools                  [DEBUG  ]  Could not find any reports in ('results-v9-474',)
[2017-05-09 11:14:55,228] multiqc.modules.bismark.bismark                    [DEBUG  ]  Could not find any reports in ('results-v9-474',)
[2017-05-09 11:14:55,238] multiqc.modules.hicup.hicup                        [DEBUG  ]  Could not find any HiCUP data in ('results-v9-474',)
[2017-05-09 11:14:55,252] multiqc.modules.salmon.salmon                      [DEBUG  ]  Could not find any Salmon data in ('results-v9-474',)
[2017-05-09 11:14:55,504] multiqc.modules.kallisto.kallisto                  [DEBUG  ]  Could not find any reports in ('results-v9-474',)
[2017-05-09 11:14:55,515] multiqc.modules.star.star                          [DEBUG  ]  Could not find any reports in ('results-v9-474',)
[2017-05-09 11:14:55,527] multiqc.modules.tophat.tophat                      [DEBUG  ]  Could not find any reports in ('results-v9-474',)
[2017-05-09 11:14:55,796] multiqc.modules.bowtie2.bowtie2                    [INFO   ]  Found 13 reports
[2017-05-09 11:14:56,035] multiqc.modules.bowtie1.bowtie1                    [DEBUG  ]  Could not find any reports in ('results-v9-474',)
[2017-05-09 11:14:56,322] multiqc.modules.cutadapt.cutadapt                  [DEBUG  ]  Could not find any reports in ('results-v9-474',)
[2017-05-09 11:14:56,563] multiqc.modules.trimmomatic.trimmomatic            [DEBUG  ]  Could not find any Trimmomatic data in ('results-v9-474',)
[2017-05-09 11:14:56,937] multiqc.modules.skewer.skewer                      [DEBUG  ]  Could not find any data in ('results-v9-474',)
[2017-05-09 11:14:56,950] multiqc.modules.fastq_screen.fastq_screen          [DEBUG  ]  Could not find any reports in ('results-v9-474',)
[2017-05-09 11:15:03,268] multiqc.modules.fastqc.fastqc                      [INFO   ]  Found 13 reports
[2017-05-09 11:15:04,430] multiqc                                            [INFO   ]  Report      : results-v9-474/00_multiqc_report.html
[2017-05-09 11:15:04,431] multiqc                                            [INFO   ]  Data        : results-v9-474/00_multiqc_report_data
[2017-05-09 11:15:04,431] multiqc                                            [DEBUG  ]  Moving data file from '/tmp/tmptSB9NU/multiqc_data/multiqc_bowtie2.txt' to 'results-v9-474/00_multiqc_report_data'
[2017-05-09 11:15:04,433] multiqc                                            [DEBUG  ]  Moving data file from '/tmp/tmptSB9NU/multiqc_data/multiqc_fastqc.txt' to 'results-v9-474/00_multiqc_report_data'
[2017-05-09 11:15:04,434] multiqc                                            [DEBUG  ]  Moving data file from '/tmp/tmptSB9NU/multiqc_data/multiqc_general_stats.txt' to 'results-v9-474/00_multiqc_report_data'
[2017-05-09 11:15:04,435] multiqc                                            [DEBUG  ]  Moving data file from '/tmp/tmptSB9NU/multiqc_data/multiqc_sources.txt' to 'results-v9-474/00_multiqc_report_data'
[2017-05-09 11:15:04,592] multiqc                                            [INFO   ]  MultiQC complete
